{"D:\\IA+code\\code\\condition-builder\\src\\components\\ConditionBuilder.tsx": {"path":"D:\\IA+code\\code\\condition-builder\\src\\components\\ConditionBuilder.tsx","statementMap":{"0":{"start":{"line":7,"column":25},"end":{"line":153,"column":1}},"1":{"start":{"line":23,"column":29},"end":{"line":37,"column":3}},"2":{"start":{"line":24,"column":4},"end":{"line":36,"column":5}},"3":{"start":{"line":39,"column":30},"end":{"line":44,"column":3}},"4":{"start":{"line":40,"column":4},"end":{"line":43,"column":8}},"5":{"start":{"line":46,"column":25},"end":{"line":111,"column":3}},"6":{"start":{"line":47,"column":4},"end":{"line":110,"column":8}},"7":{"start":{"line":58,"column":33},"end":{"line":58,"column":84}},"8":{"start":{"line":62,"column":14},"end":{"line":64,"column":25}},"9":{"start":{"line":73,"column":33},"end":{"line":73,"column":79}},"10":{"start":{"line":77,"column":14},"end":{"line":79,"column":25}},"11":{"start":{"line":87,"column":33},"end":{"line":87,"column":76}},"12":{"start":{"line":94,"column":27},"end":{"line":94,"column":57}},"13":{"start":{"line":95,"column":32},"end":{"line":95,"column":67}},"14":{"start":{"line":96,"column":32},"end":{"line":96,"column":67}},"15":{"start":{"line":104,"column":27},"end":{"line":104,"column":67}},"16":{"start":{"line":113,"column":24},"end":{"line":125,"column":3}},"17":{"start":{"line":114,"column":4},"end":{"line":124,"column":5}},"18":{"start":{"line":117,"column":10},"end":{"line":121,"column":16}},"19":{"start":{"line":127,"column":2},"end":{"line":152,"column":4}},"20":{"start":{"line":130,"column":8},"end":{"line":134,"column":25}}},"fnMap":{"0":{"name":"(anonymous_0)","decl":{"start":{"line":7,"column":25},"end":{"line":7,"column":26}},"loc":{"start":{"line":21,"column":29},"end":{"line":153,"column":1}},"line":21},"1":{"name":"(anonymous_1)","decl":{"start":{"line":23,"column":29},"end":{"line":23,"column":30}},"loc":{"start":{"line":23,"column":53},"end":{"line":37,"column":3}},"line":23},"2":{"name":"(anonymous_2)","decl":{"start":{"line":39,"column":30},"end":{"line":39,"column":31}},"loc":{"start":{"line":39,"column":60},"end":{"line":44,"column":3}},"line":39},"3":{"name":"(anonymous_3)","decl":{"start":{"line":46,"column":25},"end":{"line":46,"column":26}},"loc":{"start":{"line":46,"column":121},"end":{"line":111,"column":3}},"line":46},"4":{"name":"(anonymous_4)","decl":{"start":{"line":58,"column":22},"end":{"line":58,"column":23}},"loc":{"start":{"line":58,"column":33},"end":{"line":58,"column":84}},"line":58},"5":{"name":"(anonymous_5)","decl":{"start":{"line":61,"column":25},"end":{"line":61,"column":26}},"loc":{"start":{"line":62,"column":14},"end":{"line":64,"column":25}},"line":62},"6":{"name":"(anonymous_6)","decl":{"start":{"line":73,"column":22},"end":{"line":73,"column":23}},"loc":{"start":{"line":73,"column":33},"end":{"line":73,"column":79}},"line":73},"7":{"name":"(anonymous_7)","decl":{"start":{"line":76,"column":35},"end":{"line":76,"column":36}},"loc":{"start":{"line":77,"column":14},"end":{"line":79,"column":25}},"line":77},"8":{"name":"(anonymous_8)","decl":{"start":{"line":87,"column":22},"end":{"line":87,"column":23}},"loc":{"start":{"line":87,"column":33},"end":{"line":87,"column":76}},"line":87},"9":{"name":"(anonymous_9)","decl":{"start":{"line":94,"column":21},"end":{"line":94,"column":22}},"loc":{"start":{"line":94,"column":27},"end":{"line":94,"column":57}},"line":94},"10":{"name":"(anonymous_10)","decl":{"start":{"line":95,"column":26},"end":{"line":95,"column":27}},"loc":{"start":{"line":95,"column":32},"end":{"line":95,"column":67}},"line":95},"11":{"name":"(anonymous_11)","decl":{"start":{"line":96,"column":26},"end":{"line":96,"column":27}},"loc":{"start":{"line":96,"column":32},"end":{"line":96,"column":67}},"line":96},"12":{"name":"(anonymous_12)","decl":{"start":{"line":104,"column":21},"end":{"line":104,"column":22}},"loc":{"start":{"line":104,"column":27},"end":{"line":104,"column":67}},"line":104},"13":{"name":"(anonymous_13)","decl":{"start":{"line":113,"column":24},"end":{"line":113,"column":25}},"loc":{"start":{"line":113,"column":82},"end":{"line":125,"column":3}},"line":113},"14":{"name":"(anonymous_14)","decl":{"start":{"line":116,"column":29},"end":{"line":116,"column":30}},"loc":{"start":{"line":117,"column":10},"end":{"line":121,"column":16}},"line":117},"15":{"name":"(anonymous_15)","decl":{"start":{"line":129,"column":22},"end":{"line":129,"column":23}},"loc":{"start":{"line":130,"column":8},"end":{"line":134,"column":25}},"line":130}},"branchMap":{"0":{"loc":{"start":{"line":25,"column":6},"end":{"line":35,"column":7}},"type":"binary-expr","locations":[{"start":{"line":25,"column":6},"end":{"line":25,"column":20}},{"start":{"line":26,"column":8},"end":{"line":34,"column":14}}],"line":25},"1":{"loc":{"start":{"line":41,"column":6},"end":{"line":43,"column":7}},"type":"binary-expr","locations":[{"start":{"line":41,"column":6},"end":{"line":41,"column":39}},{"start":{"line":42,"column":8},"end":{"line":42,"column":67}}],"line":41},"2":{"loc":{"start":{"line":48,"column":6},"end":{"line":110,"column":7}},"type":"binary-expr","locations":[{"start":{"line":48,"column":6},"end":{"line":48,"column":9}},{"start":{"line":48,"column":13},"end":{"line":48,"column":21}},{"start":{"line":48,"column":25},"end":{"line":48,"column":58}},{"start":{"line":49,"column":8},"end":{"line":109,"column":11}}],"line":48},"3":{"loc":{"start":{"line":50,"column":11},"end":{"line":52,"column":11}},"type":"binary-expr","locations":[{"start":{"line":50,"column":11},"end":{"line":50,"column":20}},{"start":{"line":51,"column":12},"end":{"line":51,"column":172}}],"line":50},"4":{"loc":{"start":{"line":88,"column":18},"end":{"line":88,"column":111}},"type":"cond-expr","locations":[{"start":{"line":88,"column":94},"end":{"line":88,"column":102}},{"start":{"line":88,"column":105},"end":{"line":88,"column":111}}],"line":88},"5":{"loc":{"start":{"line":88,"column":18},"end":{"line":88,"column":91}},"type":"binary-expr","locations":[{"start":{"line":88,"column":18},"end":{"line":88,"column":54}},{"start":{"line":88,"column":58},"end":{"line":88,"column":91}}],"line":88},"6":{"loc":{"start":{"line":138,"column":9},"end":{"line":140,"column":9}},"type":"binary-expr","locations":[{"start":{"line":138,"column":9},"end":{"line":138,"column":30}},{"start":{"line":139,"column":10},"end":{"line":139,"column":73}}],"line":138},"7":{"loc":{"start":{"line":148,"column":11},"end":{"line":148,"column":58}},"type":"cond-expr","locations":[{"start":{"line":148,"column":37},"end":{"line":148,"column":50}},{"start":{"line":148,"column":53},"end":{"line":148,"column":58}}],"line":148}},"s":{"0":2,"1":6,"2":8,"3":6,"4":8,"5":6,"6":8,"7":0,"8":0,"9":0,"10":0,"11":0,"12":1,"13":0,"14":0,"15":1,"16":6,"17":8,"18":8,"19":6,"20":8},"f":{"0":6,"1":8,"2":8,"3":8,"4":0,"5":0,"6":0,"7":0,"8":0,"9":1,"10":0,"11":0,"12":1,"13":8,"14":8,"15":8},"b":{"0":[8,4],"1":[8,0],"2":[8,8,8,8],"3":[8,0],"4":[0,8],"5":[8,8],"6":[6,4],"7":[2,4]},"_coverageSchema":"1a1c01bbd47fc00a2c39e90264f33305004495a9","hash":"3778cd03d6248845ea8433d8f4ad9f47d14463a4"}
,"D:\\IA+code\\code\\condition-builder\\src\\components\\ErrorBoundary.tsx": {"path":"D:\\IA+code\\code\\condition-builder\\src\\components\\ErrorBoundary.tsx","statementMap":{"0":{"start":{"line":4,"column":22},"end":{"line":16,"column":1}},"1":{"start":{"line":5,"column":2},"end":{"line":15,"column":4}}},"fnMap":{"0":{"name":"(anonymous_0)","decl":{"start":{"line":4,"column":22},"end":{"line":4,"column":23}},"loc":{"start":{"line":4,"column":57},"end":{"line":16,"column":1}},"line":4}},"branchMap":{"0":{"loc":{"start":{"line":7,"column":7},"end":{"line":13,"column":7}},"type":"binary-expr","locations":[{"start":{"line":7,"column":7},"end":{"line":7,"column":12}},{"start":{"line":8,"column":8},"end":{"line":12,"column":14}}],"line":7}},"s":{"0":2,"1":3},"f":{"0":3},"b":{"0":[3,1]},"_coverageSchema":"1a1c01bbd47fc00a2c39e90264f33305004495a9","hash":"1b23364252550fd03ee794f6cd37e4453b70fc31"}
,"D:\\IA+code\\code\\condition-builder\\src\\components\\Table.tsx": {"path":"D:\\IA+code\\code\\condition-builder\\src\\components\\Table.tsx","statementMap":{"0":{"start":{"line":5,"column":14},"end":{"line":51,"column":1}},"1":{"start":{"line":6,"column":2},"end":{"line":50,"column":4}}},"fnMap":{"0":{"name":"(anonymous_0)","decl":{"start":{"line":5,"column":14},"end":{"line":5,"column":15}},"loc":{"start":{"line":5,"column":75},"end":{"line":51,"column":1}},"line":5}},"branchMap":{"0":{"loc":{"start":{"line":13,"column":31},"end":{"line":13,"column":52}},"type":"binary-expr","locations":[{"start":{"line":13,"column":31},"end":{"line":13,"column":45}},{"start":{"line":13,"column":49},"end":{"line":13,"column":52}}],"line":13},"1":{"loc":{"start":{"line":14,"column":50},"end":{"line":14,"column":76}},"type":"binary-expr","locations":[{"start":{"line":14,"column":50},"end":{"line":14,"column":69}},{"start":{"line":14,"column":73},"end":{"line":14,"column":76}}],"line":14},"2":{"loc":{"start":{"line":17,"column":7},"end":{"line":22,"column":7}},"type":"binary-expr","locations":[{"start":{"line":17,"column":7},"end":{"line":17,"column":14}},{"start":{"line":18,"column":8},"end":{"line":21,"column":14}}],"line":17},"3":{"loc":{"start":{"line":26,"column":11},"end":{"line":46,"column":11}},"type":"cond-expr","locations":[{"start":{"line":27,"column":12},"end":{"line":33,"column":18}},{"start":{"line":35,"column":12},"end":{"line":45,"column":14}}],"line":26}},"s":{"0":2,"1":3},"f":{"0":3},"b":{"0":[3,1],"1":[3,1],"2":[3,1],"3":[1,2]},"_coverageSchema":"1a1c01bbd47fc00a2c39e90264f33305004495a9","hash":"cfc8a418aecfd471f229b73aa77f6e3b17d060ae"}
,"D:\\IA+code\\code\\condition-builder\\src\\hooks\\useDataFetching.ts": {"path":"D:\\IA+code\\code\\condition-builder\\src\\hooks\\useDataFetching.ts","statementMap":{"0":{"start":{"line":5,"column":31},"end":{"line":87,"column":1}},"1":{"start":{"line":6,"column":32},"end":{"line":6,"column":62}},"2":{"start":{"line":7,"column":32},"end":{"line":7,"column":58}},"3":{"start":{"line":8,"column":32},"end":{"line":8,"column":56}},"4":{"start":{"line":9,"column":28},"end":{"line":9,"column":48}},"5":{"start":{"line":11,"column":2},"end":{"line":40,"column":12}},"6":{"start":{"line":12,"column":22},"end":{"line":35,"column":5}},"7":{"start":{"line":13,"column":6},"end":{"line":13,"column":23}},"8":{"start":{"line":14,"column":6},"end":{"line":34,"column":7}},"9":{"start":{"line":15,"column":25},"end":{"line":15,"column":41}},"10":{"start":{"line":16,"column":39},"end":{"line":16,"column":60}},"11":{"start":{"line":18,"column":8},"end":{"line":28,"column":9}},"12":{"start":{"line":19,"column":26},"end":{"line":24,"column":13}},"13":{"start":{"line":19,"column":76},"end":{"line":24,"column":11}},"14":{"start":{"line":25,"column":10},"end":{"line":25,"column":30}},"15":{"start":{"line":26,"column":10},"end":{"line":26,"column":27}},"16":{"start":{"line":27,"column":10},"end":{"line":27,"column":23}},"17":{"start":{"line":30,"column":8},"end":{"line":30,"column":56}},"18":{"start":{"line":31,"column":8},"end":{"line":31,"column":66}},"19":{"start":{"line":33,"column":8},"end":{"line":33,"column":26}},"20":{"start":{"line":37,"column":4},"end":{"line":39,"column":5}},"21":{"start":{"line":38,"column":6},"end":{"line":38,"column":18}},"22":{"start":{"line":42,"column":21},"end":{"line":84,"column":3}},"23":{"start":{"line":43,"column":4},"end":{"line":45,"column":5}},"24":{"start":{"line":44,"column":6},"end":{"line":44,"column":21}},"25":{"start":{"line":47,"column":31},"end":{"line":49,"column":5}},"26":{"start":{"line":48,"column":6},"end":{"line":48,"column":96}},"27":{"start":{"line":48,"column":40},"end":{"line":48,"column":95}},"28":{"start":{"line":51,"column":4},"end":{"line":53,"column":5}},"29":{"start":{"line":52,"column":6},"end":{"line":52,"column":21}},"30":{"start":{"line":55,"column":4},"end":{"line":83,"column":6}},"31":{"start":{"line":56,"column":6},"end":{"line":82,"column":7}},"32":{"start":{"line":57,"column":8},"end":{"line":81,"column":10}},"33":{"start":{"line":58,"column":44},"end":{"line":58,"column":53}},"34":{"start":{"line":59,"column":30},"end":{"line":59,"column":43}},"35":{"start":{"line":61,"column":10},"end":{"line":63,"column":11}},"36":{"start":{"line":62,"column":12},"end":{"line":62,"column":24}},"37":{"start":{"line":65,"column":10},"end":{"line":80,"column":11}},"38":{"start":{"line":67,"column":14},"end":{"line":67,"column":51}},"39":{"start":{"line":69,"column":14},"end":{"line":69,"column":57}},"40":{"start":{"line":71,"column":14},"end":{"line":71,"column":57}},"41":{"start":{"line":73,"column":14},"end":{"line":73,"column":57}},"42":{"start":{"line":75,"column":14},"end":{"line":75,"column":58}},"43":{"start":{"line":77,"column":14},"end":{"line":77,"column":65}},"44":{"start":{"line":79,"column":14},"end":{"line":79,"column":26}},"45":{"start":{"line":86,"column":2},"end":{"line":86,"column":74}}},"fnMap":{"0":{"name":"(anonymous_0)","decl":{"start":{"line":5,"column":31},"end":{"line":5,"column":32}},"loc":{"start":{"line":5,"column":101},"end":{"line":87,"column":1}},"line":5},"1":{"name":"(anonymous_1)","decl":{"start":{"line":11,"column":12},"end":{"line":11,"column":13}},"loc":{"start":{"line":11,"column":18},"end":{"line":40,"column":3}},"line":11},"2":{"name":"(anonymous_2)","decl":{"start":{"line":12,"column":22},"end":{"line":12,"column":23}},"loc":{"start":{"line":12,"column":34},"end":{"line":35,"column":5}},"line":12},"3":{"name":"(anonymous_3)","decl":{"start":{"line":19,"column":51},"end":{"line":19,"column":52}},"loc":{"start":{"line":19,"column":76},"end":{"line":24,"column":11}},"line":19},"4":{"name":"(anonymous_4)","decl":{"start":{"line":42,"column":21},"end":{"line":42,"column":22}},"loc":{"start":{"line":42,"column":27},"end":{"line":84,"column":3}},"line":42},"5":{"name":"(anonymous_5)","decl":{"start":{"line":47,"column":50},"end":{"line":47,"column":51}},"loc":{"start":{"line":48,"column":6},"end":{"line":48,"column":96}},"line":48},"6":{"name":"(anonymous_6)","decl":{"start":{"line":48,"column":27},"end":{"line":48,"column":28}},"loc":{"start":{"line":48,"column":40},"end":{"line":48,"column":95}},"line":48},"7":{"name":"(anonymous_7)","decl":{"start":{"line":55,"column":27},"end":{"line":55,"column":28}},"loc":{"start":{"line":56,"column":6},"end":{"line":82,"column":7}},"line":56},"8":{"name":"(anonymous_8)","decl":{"start":{"line":56,"column":32},"end":{"line":56,"column":33}},"loc":{"start":{"line":57,"column":8},"end":{"line":81,"column":10}},"line":57},"9":{"name":"(anonymous_9)","decl":{"start":{"line":57,"column":30},"end":{"line":57,"column":31}},"loc":{"start":{"line":57,"column":45},"end":{"line":81,"column":9}},"line":57}},"branchMap":{"0":{"loc":{"start":{"line":18,"column":8},"end":{"line":28,"column":9}},"type":"if","locations":[{"start":{"line":18,"column":8},"end":{"line":28,"column":9}},{"start":{},"end":{}}],"line":18},"1":{"loc":{"start":{"line":37,"column":4},"end":{"line":39,"column":5}},"type":"if","locations":[{"start":{"line":37,"column":4},"end":{"line":39,"column":5}},{"start":{},"end":{}}],"line":37},"2":{"loc":{"start":{"line":43,"column":4},"end":{"line":45,"column":5}},"type":"if","locations":[{"start":{"line":43,"column":4},"end":{"line":45,"column":5}},{"start":{},"end":{}}],"line":43},"3":{"loc":{"start":{"line":48,"column":40},"end":{"line":48,"column":95}},"type":"binary-expr","locations":[{"start":{"line":48,"column":40},"end":{"line":48,"column":54}},{"start":{"line":48,"column":58},"end":{"line":48,"column":76}},{"start":{"line":48,"column":80},"end":{"line":48,"column":95}}],"line":48},"4":{"loc":{"start":{"line":51,"column":4},"end":{"line":53,"column":5}},"type":"if","locations":[{"start":{"line":51,"column":4},"end":{"line":53,"column":5}},{"start":{},"end":{}}],"line":51},"5":{"loc":{"start":{"line":61,"column":10},"end":{"line":63,"column":11}},"type":"if","locations":[{"start":{"line":61,"column":10},"end":{"line":63,"column":11}},{"start":{},"end":{}}],"line":61},"6":{"loc":{"start":{"line":61,"column":14},"end":{"line":61,"column":42}},"type":"binary-expr","locations":[{"start":{"line":61,"column":14},"end":{"line":61,"column":19}},{"start":{"line":61,"column":23},"end":{"line":61,"column":32}},{"start":{"line":61,"column":36},"end":{"line":61,"column":42}}],"line":61},"7":{"loc":{"start":{"line":65,"column":10},"end":{"line":80,"column":11}},"type":"switch","locations":[{"start":{"line":66,"column":12},"end":{"line":67,"column":51}},{"start":{"line":68,"column":12},"end":{"line":69,"column":57}},{"start":{"line":70,"column":12},"end":{"line":71,"column":57}},{"start":{"line":72,"column":12},"end":{"line":73,"column":57}},{"start":{"line":74,"column":12},"end":{"line":75,"column":58}},{"start":{"line":76,"column":12},"end":{"line":77,"column":65}},{"start":{"line":78,"column":12},"end":{"line":79,"column":26}}],"line":65}},"s":{"0":2,"1":17,"2":17,"3":17,"4":17,"5":17,"6":4,"7":3,"8":3,"9":3,"10":2,"11":2,"12":2,"13":4,"14":2,"15":2,"16":2,"17":1,"18":1,"19":3,"20":4,"21":3,"22":17,"23":17,"24":16,"25":1,"26":1,"27":1,"28":1,"29":1,"30":0,"31":0,"32":0,"33":0,"34":0,"35":0,"36":0,"37":0,"38":0,"39":0,"40":0,"41":0,"42":0,"43":0,"44":0,"45":17},"f":{"0":17,"1":4,"2":3,"3":4,"4":17,"5":1,"6":1,"7":0,"8":0,"9":0},"b":{"0":[2,0],"1":[3,1],"2":[16,1],"3":[1,0,0],"4":[1,0],"5":[0,0],"6":[0,0,0],"7":[0,0,0,0,0,0,0]},"_coverageSchema":"1a1c01bbd47fc00a2c39e90264f33305004495a9","hash":"dbf082dbb51a37317444779653a670dde0b53e8b"}
,"D:\\IA+code\\code\\condition-builder\\src\\pages\\Home.tsx": {"path":"D:\\IA+code\\code\\condition-builder\\src\\pages\\Home.tsx","statementMap":{"0":{"start":{"line":10,"column":13},"end":{"line":128,"column":1}},"1":{"start":{"line":11,"column":24},"end":{"line":11,"column":44}},"2":{"start":{"line":12,"column":38},"end":{"line":12,"column":114}},"3":{"start":{"line":13,"column":61},"end":{"line":13,"column":97}},"4":{"start":{"line":15,"column":36},"end":{"line":19,"column":3}},"5":{"start":{"line":16,"column":26},"end":{"line":16,"column":41}},"6":{"start":{"line":17,"column":4},"end":{"line":17,"column":63}},"7":{"start":{"line":18,"column":4},"end":{"line":18,"column":33}},"8":{"start":{"line":21,"column":31},"end":{"line":25,"column":3}},"9":{"start":{"line":22,"column":26},"end":{"line":22,"column":41}},"10":{"start":{"line":23,"column":4},"end":{"line":23,"column":67}},"11":{"start":{"line":24,"column":4},"end":{"line":24,"column":33}},"12":{"start":{"line":27,"column":28},"end":{"line":31,"column":3}},"13":{"start":{"line":28,"column":26},"end":{"line":28,"column":41}},"14":{"start":{"line":29,"column":4},"end":{"line":29,"column":64}},"15":{"start":{"line":30,"column":4},"end":{"line":30,"column":33}},"16":{"start":{"line":33,"column":29},"end":{"line":40,"column":3}},"17":{"start":{"line":34,"column":26},"end":{"line":34,"column":41}},"18":{"start":{"line":35,"column":4},"end":{"line":38,"column":6}},"19":{"start":{"line":39,"column":4},"end":{"line":39,"column":33}},"20":{"start":{"line":42,"column":34},"end":{"line":53,"column":3}},"21":{"start":{"line":43,"column":26},"end":{"line":43,"column":41}},"22":{"start":{"line":44,"column":22},"end":{"line":44,"column":100}},"23":{"start":{"line":44,"column":66},"end":{"line":44,"column":99}},"24":{"start":{"line":46,"column":4},"end":{"line":52,"column":5}},"25":{"start":{"line":47,"column":6},"end":{"line":50,"column":8}},"26":{"start":{"line":51,"column":6},"end":{"line":51,"column":35}},"27":{"start":{"line":55,"column":34},"end":{"line":59,"column":3}},"28":{"start":{"line":56,"column":26},"end":{"line":56,"column":41}},"29":{"start":{"line":57,"column":4},"end":{"line":57,"column":113}},"30":{"start":{"line":57,"column":78},"end":{"line":57,"column":111}},"31":{"start":{"line":58,"column":4},"end":{"line":58,"column":33}},"32":{"start":{"line":61,"column":32},"end":{"line":71,"column":3}},"33":{"start":{"line":62,"column":26},"end":{"line":62,"column":41}},"34":{"start":{"line":63,"column":18},"end":{"line":63,"column":43}},"35":{"start":{"line":64,"column":4},"end":{"line":64,"column":27}},"36":{"start":{"line":66,"column":4},"end":{"line":68,"column":5}},"37":{"start":{"line":67,"column":6},"end":{"line":67,"column":42}},"38":{"start":{"line":70,"column":4},"end":{"line":70,"column":33}},"39":{"start":{"line":73,"column":25},"end":{"line":75,"column":3}},"40":{"start":{"line":74,"column":4},"end":{"line":74,"column":82}},"41":{"start":{"line":77,"column":26},"end":{"line":79,"column":3}},"42":{"start":{"line":78,"column":4},"end":{"line":78,"column":31}},"43":{"start":{"line":81,"column":2},"end":{"line":127,"column":4}}},"fnMap":{"0":{"name":"(anonymous_0)","decl":{"start":{"line":10,"column":13},"end":{"line":10,"column":14}},"loc":{"start":{"line":10,"column":19},"end":{"line":128,"column":1}},"line":10},"1":{"name":"(anonymous_1)","decl":{"start":{"line":15,"column":36},"end":{"line":15,"column":37}},"loc":{"start":{"line":15,"column":135},"end":{"line":19,"column":3}},"line":15},"2":{"name":"(anonymous_2)","decl":{"start":{"line":21,"column":31},"end":{"line":21,"column":32}},"loc":{"start":{"line":21,"column":130},"end":{"line":25,"column":3}},"line":21},"3":{"name":"(anonymous_3)","decl":{"start":{"line":27,"column":28},"end":{"line":27,"column":29}},"loc":{"start":{"line":27,"column":127},"end":{"line":31,"column":3}},"line":27},"4":{"name":"(anonymous_4)","decl":{"start":{"line":33,"column":29},"end":{"line":33,"column":30}},"loc":{"start":{"line":33,"column":53},"end":{"line":40,"column":3}},"line":33},"5":{"name":"(anonymous_5)","decl":{"start":{"line":42,"column":34},"end":{"line":42,"column":35}},"loc":{"start":{"line":42,"column":58},"end":{"line":53,"column":3}},"line":42},"6":{"name":"(anonymous_6)","decl":{"start":{"line":44,"column":53},"end":{"line":44,"column":54}},"loc":{"start":{"line":44,"column":66},"end":{"line":44,"column":99}},"line":44},"7":{"name":"(anonymous_7)","decl":{"start":{"line":55,"column":34},"end":{"line":55,"column":35}},"loc":{"start":{"line":55,"column":58},"end":{"line":59,"column":3}},"line":55},"8":{"name":"(anonymous_8)","decl":{"start":{"line":57,"column":65},"end":{"line":57,"column":66}},"loc":{"start":{"line":57,"column":78},"end":{"line":57,"column":111}},"line":57},"9":{"name":"(anonymous_9)","decl":{"start":{"line":61,"column":32},"end":{"line":61,"column":33}},"loc":{"start":{"line":61,"column":71},"end":{"line":71,"column":3}},"line":61},"10":{"name":"(anonymous_10)","decl":{"start":{"line":73,"column":25},"end":{"line":73,"column":26}},"loc":{"start":{"line":73,"column":31},"end":{"line":75,"column":3}},"line":73},"11":{"name":"(anonymous_11)","decl":{"start":{"line":77,"column":26},"end":{"line":77,"column":27}},"loc":{"start":{"line":77,"column":90},"end":{"line":79,"column":3}},"line":77}},"branchMap":{"0":{"loc":{"start":{"line":46,"column":4},"end":{"line":52,"column":5}},"type":"if","locations":[{"start":{"line":46,"column":4},"end":{"line":52,"column":5}},{"start":{},"end":{}}],"line":46},"1":{"loc":{"start":{"line":66,"column":4},"end":{"line":68,"column":5}},"type":"if","locations":[{"start":{"line":66,"column":4},"end":{"line":68,"column":5}},{"start":{},"end":{}}],"line":66},"2":{"loc":{"start":{"line":100,"column":7},"end":{"line":125,"column":7}},"type":"binary-expr","locations":[{"start":{"line":100,"column":7},"end":{"line":100,"column":19}},{"start":{"line":100,"column":23},"end":{"line":100,"column":26}},{"start":{"line":101,"column":8},"end":{"line":124,"column":11}}],"line":100}},"s":{"0":1,"1":1,"2":1,"3":1,"4":1,"5":0,"6":0,"7":0,"8":1,"9":0,"10":0,"11":0,"12":1,"13":0,"14":0,"15":0,"16":1,"17":0,"18":0,"19":0,"20":1,"21":0,"22":0,"23":0,"24":0,"25":0,"26":0,"27":1,"28":0,"29":0,"30":0,"31":0,"32":1,"33":0,"34":0,"35":0,"36":0,"37":0,"38":0,"39":1,"40":0,"41":1,"42":0,"43":1},"f":{"0":1,"1":0,"2":0,"3":0,"4":0,"5":0,"6":0,"7":0,"8":0,"9":0,"10":0,"11":0},"b":{"0":[0,0],"1":[0,0],"2":[1,1,0]},"_coverageSchema":"1a1c01bbd47fc00a2c39e90264f33305004495a9","hash":"bdaa40db9ee3fc8b46e03499cef8789635c4d680"}
,"D:\\IA+code\\code\\condition-builder\\src\\utils\\comparisonOptions.tsx": {"path":"D:\\IA+code\\code\\condition-builder\\src\\utils\\comparisonOptions.tsx","statementMap":{"0":{"start":{"line":1,"column":33},"end":{"line":8,"column":1}}},"fnMap":{},"branchMap":{},"s":{"0":1},"f":{},"b":{},"_coverageSchema":"1a1c01bbd47fc00a2c39e90264f33305004495a9","hash":"e36f176fee57b8fb6082e011c76a09efc18fed69"}
}
