TN:
SF:src\components\ConditionBuilder.tsx
FN:8,(anonymous_0)
FN:25,(anonymous_1)
FN:32,(anonymous_2)
FN:60,(anonymous_3)
FN:63,(anonymous_4)
FN:75,(anonymous_5)
FN:78,(anonymous_6)
FN:89,(anonymous_7)
FN:96,(anonymous_8)
FN:97,(anonymous_9)
FN:98,(anonymous_10)
FN:106,(anonymous_11)
FN:117,(anonymous_12)
FN:135,(anonymous_13)
FN:160,(anonymous_14)
FN:179,(anonymous_15)
FN:197,(anonymous_16)
FNF:17
FNH:10
FNDA:8,(anonymous_0)
FNDA:8,(anonymous_1)
FNDA:8,(anonymous_2)
FNDA:0,(anonymous_3)
FNDA:0,(anonymous_4)
FNDA:0,(anonymous_5)
FNDA:0,(anonymous_6)
FNDA:0,(anonymous_7)
FNDA:1,(anonymous_8)
FNDA:0,(anonymous_9)
FNDA:0,(anonymous_10)
FNDA:1,(anonymous_11)
FNDA:8,(anonymous_12)
FNDA:8,(anonymous_13)
FNDA:6,(anonymous_14)
FNDA:6,(anonymous_15)
FNDA:8,(anonymous_16)
DA:8,2
DA:9,8
DA:10,4
DA:22,4
DA:25,2
DA:26,8
DA:27,0
DA:29,8
DA:32,2
DA:48,8
DA:49,8
DA:50,8
DA:60,0
DA:64,0
DA:75,0
DA:79,0
DA:89,0
DA:96,1
DA:97,0
DA:98,0
DA:106,1
DA:114,0
DA:117,2
DA:132,8
DA:133,8
DA:136,8
DA:160,2
DA:161,6
DA:162,6
DA:179,2
DA:194,6
DA:195,6
DA:198,8
LF:33
LH:24
BRDA:9,0,0,4
BRDA:9,0,1,4
BRDA:26,1,0,0
BRDA:26,1,1,8
BRDA:49,2,0,8
BRDA:49,2,1,0
BRDA:49,3,0,8
BRDA:49,3,1,8
BRDA:49,3,2,8
BRDA:52,4,0,8
BRDA:52,4,1,0
BRDA:90,5,0,0
BRDA:90,5,1,8
BRDA:90,6,0,8
BRDA:90,6,1,8
BRDA:164,7,0,6
BRDA:164,7,1,4
BRDA:173,8,0,2
BRDA:173,8,1,4
BRF:19
BRH:15
end_of_record
TN:
SF:src\components\ErrorBoundary.tsx
FN:4,(anonymous_0)
FNF:1
FNH:1
FNDA:2,(anonymous_0)
DA:4,2
DA:5,2
LF:2
LH:2
BRDA:7,0,0,2
BRDA:7,0,1,1
BRF:2
BRH:2
end_of_record
TN:
SF:src\components\Table.tsx
FN:5,(anonymous_0)
FNF:1
FNH:1
FNDA:3,(anonymous_0)
DA:5,2
DA:6,3
LF:2
LH:2
BRDA:13,0,0,3
BRDA:13,0,1,1
BRDA:14,1,0,3
BRDA:14,1,1,1
BRDA:17,2,0,3
BRDA:17,2,1,1
BRDA:26,3,0,1
BRDA:26,3,1,2
BRF:8
BRH:8
end_of_record
TN:
SF:src\hooks\useDataFetching.ts
FN:5,(anonymous_0)
FN:11,(anonymous_1)
FN:12,(anonymous_2)
FN:19,(anonymous_3)
FN:42,(anonymous_4)
FN:47,(anonymous_5)
FN:48,(anonymous_6)
FN:55,(anonymous_7)
FN:56,(anonymous_8)
FN:57,(anonymous_9)
FNF:10
FNH:7
FNDA:6,(anonymous_0)
FNDA:3,(anonymous_1)
FNDA:2,(anonymous_2)
FNDA:2,(anonymous_3)
FNDA:6,(anonymous_4)
FNDA:1,(anonymous_5)
FNDA:1,(anonymous_6)
FNDA:0,(anonymous_7)
FNDA:0,(anonymous_8)
FNDA:0,(anonymous_9)
DA:5,2
DA:6,6
DA:7,6
DA:8,6
DA:9,6
DA:11,6
DA:12,3
DA:13,2
DA:14,2
DA:15,2
DA:16,2
DA:18,1
DA:19,2
DA:25,1
DA:26,1
DA:27,1
DA:30,1
DA:31,1
DA:33,2
DA:37,3
DA:38,2
DA:42,6
DA:43,6
DA:44,5
DA:47,1
DA:48,1
DA:51,1
DA:52,1
DA:55,0
DA:56,0
DA:57,0
DA:58,0
DA:59,0
DA:61,0
DA:62,0
DA:65,0
DA:67,0
DA:69,0
DA:71,0
DA:73,0
DA:75,0
DA:77,0
DA:79,0
DA:86,6
LF:44
LH:29
BRDA:18,0,0,1
BRDA:18,0,1,0
BRDA:37,1,0,2
BRDA:37,1,1,1
BRDA:43,2,0,5
BRDA:43,2,1,1
BRDA:48,3,0,1
BRDA:48,3,1,0
BRDA:48,3,2,0
BRDA:51,4,0,1
BRDA:51,4,1,0
BRDA:61,5,0,0
BRDA:61,5,1,0
BRDA:61,6,0,0
BRDA:61,6,1,0
BRDA:61,6,2,0
BRDA:65,7,0,0
BRDA:65,7,1,0
BRDA:65,7,2,0
BRDA:65,7,3,0
BRDA:65,7,4,0
BRDA:65,7,5,0
BRDA:65,7,6,0
BRF:23
BRH:7
end_of_record
TN:
SF:src\pages\Home.tsx
FN:10,(anonymous_0)
FN:15,(anonymous_1)
FN:21,(anonymous_2)
FN:27,(anonymous_3)
FN:33,(anonymous_4)
FN:42,(anonymous_5)
FN:44,(anonymous_6)
FN:55,(anonymous_7)
FN:57,(anonymous_8)
FN:61,(anonymous_9)
FN:73,(anonymous_10)
FN:77,(anonymous_11)
FNF:12
FNH:1
FNDA:1,(anonymous_0)
FNDA:0,(anonymous_1)
FNDA:0,(anonymous_2)
FNDA:0,(anonymous_3)
FNDA:0,(anonymous_4)
FNDA:0,(anonymous_5)
FNDA:0,(anonymous_6)
FNDA:0,(anonymous_7)
FNDA:0,(anonymous_8)
FNDA:0,(anonymous_9)
FNDA:0,(anonymous_10)
FNDA:0,(anonymous_11)
DA:10,1
DA:11,1
DA:12,1
DA:13,1
DA:15,1
DA:16,0
DA:17,0
DA:18,0
DA:21,1
DA:22,0
DA:23,0
DA:24,0
DA:27,1
DA:28,0
DA:29,0
DA:30,0
DA:33,1
DA:34,0
DA:35,0
DA:39,0
DA:42,1
DA:43,0
DA:44,0
DA:46,0
DA:47,0
DA:51,0
DA:55,1
DA:56,0
DA:57,0
DA:58,0
DA:61,1
DA:62,0
DA:63,0
DA:64,0
DA:66,0
DA:67,0
DA:70,0
DA:73,1
DA:74,0
DA:77,1
DA:78,0
DA:81,1
LF:42
LH:14
BRDA:46,0,0,0
BRDA:46,0,1,0
BRDA:66,1,0,0
BRDA:66,1,1,0
BRDA:100,2,0,1
BRDA:100,2,1,1
BRDA:100,2,2,0
BRF:7
BRH:2
end_of_record
TN:
SF:src\utils\comparisonOptions.tsx
FNF:0
FNH:0
DA:1,1
LF:1
LH:1
BRF:0
BRH:0
end_of_record
