TN:
SF:src\components\ConditionBuilder.tsx
FN:7,(anonymous_0)
FN:23,(anonymous_1)
FN:39,(anonymous_2)
FN:46,(anonymous_3)
FN:58,(anonymous_4)
FN:61,(anonymous_5)
FN:73,(anonymous_6)
FN:76,(anonymous_7)
FN:87,(anonymous_8)
FN:94,(anonymous_9)
FN:95,(anonymous_10)
FN:96,(anonymous_11)
FN:104,(anonymous_12)
FN:113,(anonymous_13)
FN:116,(anonymous_14)
FN:129,(anonymous_15)
FNF:16
FNH:9
FNDA:6,(anonymous_0)
FNDA:8,(anonymous_1)
FNDA:8,(anonymous_2)
FNDA:8,(anonymous_3)
FNDA:0,(anonymous_4)
FNDA:0,(anonymous_5)
FNDA:0,(anonymous_6)
FNDA:0,(anonymous_7)
FNDA:0,(anonymous_8)
FNDA:1,(anonymous_9)
FNDA:0,(anonymous_10)
FNDA:0,(anonymous_11)
FNDA:1,(anonymous_12)
FNDA:8,(anonymous_13)
FNDA:8,(anonymous_14)
FNDA:8,(anonymous_15)
DA:7,2
DA:23,6
DA:24,8
DA:39,6
DA:40,8
DA:46,6
DA:47,8
DA:58,0
DA:62,0
DA:73,0
DA:77,0
DA:87,0
DA:94,1
DA:95,0
DA:96,0
DA:104,1
DA:113,6
DA:114,8
DA:117,8
DA:127,6
DA:130,8
LF:21
LH:14
BRDA:25,0,0,8
BRDA:25,0,1,4
BRDA:41,1,0,8
BRDA:41,1,1,0
BRDA:48,2,0,8
BRDA:48,2,1,8
BRDA:48,2,2,8
BRDA:48,2,3,8
BRDA:50,3,0,8
BRDA:50,3,1,0
BRDA:88,4,0,0
BRDA:88,4,1,8
BRDA:88,5,0,8
BRDA:88,5,1,8
BRDA:138,6,0,6
BRDA:138,6,1,4
BRDA:148,7,0,2
BRDA:148,7,1,4
BRF:18
BRH:15
end_of_record
TN:
SF:src\components\ErrorBoundary.tsx
FN:4,(anonymous_0)
FNF:1
FNH:1
FNDA:3,(anonymous_0)
DA:4,2
DA:5,3
LF:2
LH:2
BRDA:7,0,0,3
BRDA:7,0,1,1
BRF:2
BRH:2
end_of_record
TN:
SF:src\components\Table.tsx
FN:5,(anonymous_0)
FNF:1
FNH:1
FNDA:3,(anonymous_0)
DA:5,2
DA:6,3
LF:2
LH:2
BRDA:13,0,0,3
BRDA:13,0,1,1
BRDA:14,1,0,3
BRDA:14,1,1,1
BRDA:17,2,0,3
BRDA:17,2,1,1
BRDA:26,3,0,1
BRDA:26,3,1,2
BRF:8
BRH:8
end_of_record
TN:
SF:src\hooks\useDataFetching.ts
FN:5,(anonymous_0)
FN:11,(anonymous_1)
FN:12,(anonymous_2)
FN:19,(anonymous_3)
FN:42,(anonymous_4)
FN:47,(anonymous_5)
FN:48,(anonymous_6)
FN:55,(anonymous_7)
FN:56,(anonymous_8)
FN:57,(anonymous_9)
FNF:10
FNH:7
FNDA:17,(anonymous_0)
FNDA:4,(anonymous_1)
FNDA:3,(anonymous_2)
FNDA:4,(anonymous_3)
FNDA:17,(anonymous_4)
FNDA:1,(anonymous_5)
FNDA:1,(anonymous_6)
FNDA:0,(anonymous_7)
FNDA:0,(anonymous_8)
FNDA:0,(anonymous_9)
DA:5,2
DA:6,17
DA:7,17
DA:8,17
DA:9,17
DA:11,17
DA:12,4
DA:13,3
DA:14,3
DA:15,3
DA:16,2
DA:18,2
DA:19,4
DA:25,2
DA:26,2
DA:27,2
DA:30,1
DA:31,1
DA:33,3
DA:37,4
DA:38,3
DA:42,17
DA:43,17
DA:44,16
DA:47,1
DA:48,1
DA:51,1
DA:52,1
DA:55,0
DA:56,0
DA:57,0
DA:58,0
DA:59,0
DA:61,0
DA:62,0
DA:65,0
DA:67,0
DA:69,0
DA:71,0
DA:73,0
DA:75,0
DA:77,0
DA:79,0
DA:86,17
LF:44
LH:29
BRDA:18,0,0,2
BRDA:18,0,1,0
BRDA:37,1,0,3
BRDA:37,1,1,1
BRDA:43,2,0,16
BRDA:43,2,1,1
BRDA:48,3,0,1
BRDA:48,3,1,0
BRDA:48,3,2,0
BRDA:51,4,0,1
BRDA:51,4,1,0
BRDA:61,5,0,0
BRDA:61,5,1,0
BRDA:61,6,0,0
BRDA:61,6,1,0
BRDA:61,6,2,0
BRDA:65,7,0,0
BRDA:65,7,1,0
BRDA:65,7,2,0
BRDA:65,7,3,0
BRDA:65,7,4,0
BRDA:65,7,5,0
BRDA:65,7,6,0
BRF:23
BRH:7
end_of_record
TN:
SF:src\pages\Home.tsx
FN:10,(anonymous_0)
FN:15,(anonymous_1)
FN:21,(anonymous_2)
FN:27,(anonymous_3)
FN:33,(anonymous_4)
FN:42,(anonymous_5)
FN:44,(anonymous_6)
FN:55,(anonymous_7)
FN:57,(anonymous_8)
FN:61,(anonymous_9)
FN:73,(anonymous_10)
FN:77,(anonymous_11)
FNF:12
FNH:1
FNDA:1,(anonymous_0)
FNDA:0,(anonymous_1)
FNDA:0,(anonymous_2)
FNDA:0,(anonymous_3)
FNDA:0,(anonymous_4)
FNDA:0,(anonymous_5)
FNDA:0,(anonymous_6)
FNDA:0,(anonymous_7)
FNDA:0,(anonymous_8)
FNDA:0,(anonymous_9)
FNDA:0,(anonymous_10)
FNDA:0,(anonymous_11)
DA:10,1
DA:11,1
DA:12,1
DA:13,1
DA:15,1
DA:16,0
DA:17,0
DA:18,0
DA:21,1
DA:22,0
DA:23,0
DA:24,0
DA:27,1
DA:28,0
DA:29,0
DA:30,0
DA:33,1
DA:34,0
DA:35,0
DA:39,0
DA:42,1
DA:43,0
DA:44,0
DA:46,0
DA:47,0
DA:51,0
DA:55,1
DA:56,0
DA:57,0
DA:58,0
DA:61,1
DA:62,0
DA:63,0
DA:64,0
DA:66,0
DA:67,0
DA:70,0
DA:73,1
DA:74,0
DA:77,1
DA:78,0
DA:81,1
LF:42
LH:14
BRDA:46,0,0,0
BRDA:46,0,1,0
BRDA:66,1,0,0
BRDA:66,1,1,0
BRDA:100,2,0,1
BRDA:100,2,1,1
BRDA:100,2,2,0
BRF:7
BRH:2
end_of_record
TN:
SF:src\utils\comparisonOptions.tsx
FNF:0
FNH:0
DA:1,1
LF:1
LH:1
BRF:0
BRH:0
end_of_record
